<?xml version="1.0" encoding="UTF-8"?>
<testsuite name="fr.derruette.gradlews.service.rt.OAuthRequestTest" tests="1" skipped="0" failures="0" errors="0" timestamp="2016-03-07T23:18:24" hostname="Rick-PC" time="0.004">
  <properties/>
  <testcase name="testWrongResponseGetRequestParam" classname="fr.derruette.gradlews.service.rt.OAuthRequestTest" time="0.004"/>
  <system-out><![CDATA[]]></system-out>
  <system-err><![CDATA[]]></system-err>
</testsuite>
